<?xml version="1.0" encoding="UTF-8"?>
<!-- Generated by org.testng.reporters.JUnitReportReporter -->
<testsuite hostname="LAPTOP-OB6TME0K" name="CalculatorTest" tests="5" failures="0" timestamp="18 Oct 2016 13:20:32 GMT" time="0.016" errors="0">
  <testcase name="testDivi0" time="0.002" classname="CalculatorTest"/>
  <testcase name="testDivi" time="0.001" classname="CalculatorTest"/>
  <testcase name="testSub" time="0.000" classname="CalculatorTest"/>
  <testcase name="testMulti" time="0.003" classname="CalculatorTest"/>
  <testcase name="testAdd" time="0.010" classname="CalculatorTest"/>
</testsuite> <!-- CalculatorTest -->
